<?xml version="1.0" encoding="UTF-8"?>
<!-- Generated by org.testng.reporters.JUnitXMLReporter -->
<testsuite ignored="0" hostname="TTNPL-MdArsh" failures="0" tests="1" name="Test" time="7.236" errors="0" timestamp="2023-04-10T16:14:19 IST">
  <testcase classname="AmazonTest.AmazonTest.HomePage" name="@AfterTest close" time="0.001">
    <failure type="java.lang.NullPointerException" message="Cannot invoke &amp;quot;org.openqa.selenium.WebDriver.close()&amp;quot; because &amp;quot;this.driver&amp;quot; is null">
      <![CDATA[java.lang.NullPointerException: Cannot invoke "org.openqa.selenium.WebDriver.close()" because "this.driver" is null
at AmazonTest.AmazonTest.HomePage.close(HomePage.java:30)
... Removed 24 stack frames]]>
    </failure>
  </testcase> <!-- @AfterTest close -->
  <testcase classname="AmazonTest.AmazonTest.HomePage" name="checklogo" time="7.181"/>
</testsuite> <!-- Test -->
